error[E0277]: the trait bound `std::string::String: diesel::Expression` is not satisfied
  --> tests/fail/derive/bad_insertable.rs:12:5
   |
12 |     id: String,
   |     ^^ the trait `diesel::Expression` is not implemented for `std::string::String`
   |
   = help: the following other types implement trait `diesel::Expression`:
             &'a T
             (T0, T1)
             (T0, T1, T2)
             (T0, T1, T2, T3)
             (T0, T1, T2, T3, T4)
             (T0, T1, T2, T3, T4, T5)
             (T0, T1, T2, T3, T4, T5, T6)
             (T0, T1, T2, T3, T4, T5, T6, T7)
           and 123 others
   = note: required for `std::string::String` to implement `AsExpression<diesel::sql_types::Integer>`

error[E0277]: the trait bound `i32: diesel::Expression` is not satisfied
  --> tests/fail/derive/bad_insertable.rs:13:5
   |
13 |     name: i32,
   |     ^^^^ the trait `diesel::Expression` is not implemented for `i32`
   |
   = help: the following other types implement trait `diesel::Expression`:
             &'a T
             (T0, T1)
             (T0, T1, T2)
             (T0, T1, T2, T3)
             (T0, T1, T2, T3, T4)
             (T0, T1, T2, T3, T4, T5)
             (T0, T1, T2, T3, T4, T5, T6)
             (T0, T1, T2, T3, T4, T5, T6, T7)
           and 123 others
   = note: required for `i32` to implement `AsExpression<diesel::sql_types::Text>`

error[E0277]: the trait bound `std::string::String: diesel::Expression` is not satisfied
  --> tests/fail/derive/bad_insertable.rs:10:10
   |
10 | #[derive(Insertable)]
   |          ^^^^^^^^^^ the trait `diesel::Expression` is not implemented for `std::string::String`
   |
   = help: the following other types implement trait `diesel::Expression`:
             &'a T
             (T0, T1)
             (T0, T1, T2)
             (T0, T1, T2, T3)
             (T0, T1, T2, T3, T4)
             (T0, T1, T2, T3, T4, T5)
             (T0, T1, T2, T3, T4, T5, T6)
             (T0, T1, T2, T3, T4, T5, T6, T7)
           and 123 others
   = note: required for `std::string::String` to implement `AsExpression<diesel::sql_types::Integer>`
   = note: this error originates in the derive macro `Insertable` (in Nightly builds, run with -Z macro-backtrace for more info)

error[E0277]: the trait bound `i32: diesel::Expression` is not satisfied
  --> tests/fail/derive/bad_insertable.rs:10:10
   |
10 | #[derive(Insertable)]
   |          ^^^^^^^^^^ the trait `diesel::Expression` is not implemented for `i32`
   |
   = help: the following other types implement trait `diesel::Expression`:
             &'a T
             (T0, T1)
             (T0, T1, T2)
             (T0, T1, T2, T3)
             (T0, T1, T2, T3, T4)
             (T0, T1, T2, T3, T4, T5)
             (T0, T1, T2, T3, T4, T5, T6)
             (T0, T1, T2, T3, T4, T5, T6, T7)
           and 123 others
   = note: required for `i32` to implement `AsExpression<diesel::sql_types::Text>`
   = note: this error originates in the derive macro `Insertable` (in Nightly builds, run with -Z macro-backtrace for more info)

error[E0277]: the trait bound `std::string::String: diesel::Expression` is not satisfied
  --> tests/fail/derive/bad_insertable.rs:12:5
   |
12 |     id: String,
   |     ^^ the trait `diesel::Expression` is not implemented for `std::string::String`
   |
   = help: the following other types implement trait `diesel::Expression`:
             &'a T
             (T0, T1)
             (T0, T1, T2)
             (T0, T1, T2, T3)
             (T0, T1, T2, T3, T4)
             (T0, T1, T2, T3, T4, T5)
             (T0, T1, T2, T3, T4, T5, T6)
             (T0, T1, T2, T3, T4, T5, T6, T7)
           and 123 others
   = note: required for `&'insert std::string::String` to implement `diesel::Expression`
   = note: required for `&'insert std::string::String` to implement `AsExpression<diesel::sql_types::Integer>`

error[E0277]: the trait bound `i32: diesel::Expression` is not satisfied
  --> tests/fail/derive/bad_insertable.rs:13:5
   |
13 |     name: i32,
   |     ^^^^ the trait `diesel::Expression` is not implemented for `i32`
   |
   = help: the following other types implement trait `diesel::Expression`:
             &'a T
             (T0, T1)
             (T0, T1, T2)
             (T0, T1, T2, T3)
             (T0, T1, T2, T3, T4)
             (T0, T1, T2, T3, T4, T5)
             (T0, T1, T2, T3, T4, T5, T6)
             (T0, T1, T2, T3, T4, T5, T6, T7)
           and 123 others
   = note: required for `&'insert i32` to implement `diesel::Expression`
   = note: required for `&'insert i32` to implement `AsExpression<diesel::sql_types::Text>`

error[E0277]: the trait bound `std::string::String: diesel::Expression` is not satisfied
  --> tests/fail/derive/bad_insertable.rs:10:10
   |
10 | #[derive(Insertable)]
   |          ^^^^^^^^^^ the trait `diesel::Expression` is not implemented for `std::string::String`
   |
   = help: the following other types implement trait `diesel::Expression`:
             &'a T
             (T0, T1)
             (T0, T1, T2)
             (T0, T1, T2, T3)
             (T0, T1, T2, T3, T4)
             (T0, T1, T2, T3, T4, T5)
             (T0, T1, T2, T3, T4, T5, T6)
             (T0, T1, T2, T3, T4, T5, T6, T7)
           and 123 others
   = note: required for `&'insert std::string::String` to implement `diesel::Expression`
   = note: required for `&'insert std::string::String` to implement `AsExpression<diesel::sql_types::Integer>`
   = note: this error originates in the derive macro `Insertable` (in Nightly builds, run with -Z macro-backtrace for more info)

error[E0277]: the trait bound `i32: diesel::Expression` is not satisfied
  --> tests/fail/derive/bad_insertable.rs:10:10
   |
10 | #[derive(Insertable)]
   |          ^^^^^^^^^^ the trait `diesel::Expression` is not implemented for `i32`
   |
   = help: the following other types implement trait `diesel::Expression`:
             &'a T
             (T0, T1)
             (T0, T1, T2)
             (T0, T1, T2, T3)
             (T0, T1, T2, T3, T4)
             (T0, T1, T2, T3, T4, T5)
             (T0, T1, T2, T3, T4, T5, T6)
             (T0, T1, T2, T3, T4, T5, T6, T7)
           and 123 others
   = note: required for `&'insert i32` to implement `diesel::Expression`
   = note: required for `&'insert i32` to implement `AsExpression<diesel::sql_types::Text>`
   = note: this error originates in the derive macro `Insertable` (in Nightly builds, run with -Z macro-backtrace for more info)
