error: All fields of tuple structs must be annotated with `#[column_name]`
  --> $DIR/as_changeset_missing_column_name_tuple_struct.rs:14:13
   |
14 | struct User(i32, #[column_name = "name"] String, String);
   |             ^^^

error: All fields of tuple structs must be annotated with `#[column_name]`
  --> $DIR/as_changeset_missing_column_name_tuple_struct.rs:14:50
   |
14 | struct User(i32, #[column_name = "name"] String, String);
   |                                                  ^^^^^^

error[E0412]: cannot find type `unknown_column` in module `users`
  --> $DIR/as_changeset_missing_column_name_tuple_struct.rs:14:13
   |
14 | struct User(i32, #[column_name = "name"] String, String);
   |             ^^^ not found in `users`

error[E0412]: cannot find type `unknown_column` in module `users`
  --> $DIR/as_changeset_missing_column_name_tuple_struct.rs:14:50
   |
14 | struct User(i32, #[column_name = "name"] String, String);
   |                                                  ^^^^^^ not found in `users`

error[E0425]: cannot find value `unknown_column` in module `users`
  --> $DIR/as_changeset_missing_column_name_tuple_struct.rs:14:13
   |
14 | struct User(i32, #[column_name = "name"] String, String);
   |             ^^^ not found in `users`

error[E0425]: cannot find value `unknown_column` in module `users`
  --> $DIR/as_changeset_missing_column_name_tuple_struct.rs:14:50
   |
14 | struct User(i32, #[column_name = "name"] String, String);
   |                                                  ^^^^^^ not found in `users`

error[E0601]: `main` function not found in crate `as_changeset_missing_column_name_tuple_struct`
  --> $DIR/as_changeset_missing_column_name_tuple_struct.rs:1:1
   |
1  | / #[macro_use]
2  | | extern crate diesel;
3  | |
4  | | table! {
...  |
13 | | #[table_name = "users"]
14 | | struct User(i32, #[column_name = "name"] String, String);
   | |_________________________________________________________^ consider adding a `main` function to `$DIR/as_changeset_missing_column_name_tuple_struct.rs`

error: aborting due to 7 previous errors

Some errors have detailed explanations: E0412, E0425, E0601.
For more information about an error, try `rustc --explain E0412`.
