error: unexpected end of input, expected `=`
       help: The correct format looks like `#[diesel(column_name = foo)]`
  --> tests/fail/derive_deprecated/deprecated_column_name.rs:24:7
   |
24 |     #[column_name]
   |       ^^^^^^^^^^^

error: expected `=`
  --> tests/fail/derive_deprecated/deprecated_column_name.rs:31:18
   |
31 |     #[column_name()]
   |                  ^^

error: expected string literal
  --> tests/fail/derive_deprecated/deprecated_column_name.rs:38:21
   |
38 |     #[column_name = 1]
   |                     ^

error: expected string literal
  --> tests/fail/derive_deprecated/deprecated_column_name.rs:45:21
   |
45 |     #[column_name = "1"]
   |                     ^^^

error[E0412]: cannot find type `name` in module `users`
  --> tests/fail/derive_deprecated/deprecated_column_name.rs:13:21
   |
13 |     #[column_name = "name"]
   |                     ^^^^^^ not found in `users`

error[E0425]: cannot find value `name` in module `users`
  --> tests/fail/derive_deprecated/deprecated_column_name.rs:13:21
   |
13 |     #[column_name = "name"]
   |                     ^^^^^^ not found in `users`

error[E0412]: cannot find type `name` in module `users`
  --> tests/fail/derive_deprecated/deprecated_column_name.rs:19:34
   |
19 | struct UserTuple(#[column_name = "name"] String);
   |                                  ^^^^^^ not found in `users`

error[E0425]: cannot find value `name` in module `users`
  --> tests/fail/derive_deprecated/deprecated_column_name.rs:19:34
   |
19 | struct UserTuple(#[column_name = "name"] String);
   |                                  ^^^^^^ not found in `users`
